#
# There is insufficient memory for the Java Runtime Environment to continue.
# Native memory allocation (mmap) failed to map 19327352832 bytes. Error detail: G1 virtual space
# Possible reasons:
#   The system is out of physical RAM or swap space
#   This process is running with CompressedOops enabled, and the Java Heap may be blocking the growth of the native heap
# Possible solutions:
#   Reduce memory load on the system
#   Increase physical memory or swap space
#   Check if swap backing store is full
#   Decrease Java heap size (-Xmx/-Xms)
#   Decrease number of Java threads
#   Decrease Java thread stack sizes (-Xss)
#   Set larger code cache with -XX:ReservedCodeCacheSize=
#   JVM is running with Zero Based Compressed Oops mode in which the Java heap is
#     placed in the first 32GB address space. The Java Heap base address is the
#     maximum limit for the native heap growth. Please use -XX:HeapBaseMinAddress
#     to set the Java Heap base and to place the Java Heap above 32GB virtual address.
# This output file may be truncated or incomplete.
#
#  Out of Memory Error (os_windows.cpp:3554), pid=5276, tid=11436
#
# JRE version:  (25.0+37) (build )
# Java VM: Java HotSpot(TM) 64-Bit Server VM (25+37-LTS-3491, mixed mode, sharing, tiered, compressed oops, compressed class ptrs, g1 gc, windows-amd64)
# No core dump will be written. Minidumps are not enabled by default on client versions of Windows
#

---------------  S U M M A R Y ------------

Command Line: -Xms18G -Xmx18G --add-opens=java.base/java.lang=ALL-UNNAMED --add-opens=java.base/java.util=ALL-UNNAMED supergo2-server.jar

Host: Intel(R) Core(TM) i5-3570 CPU @ 3.40GHz, 4 cores, 7G,  Windows 10 , 64 bit Build 19041 (10.0.19041.5915)
Time: Mon Oct  6 13:52:22 2025 Hora est. Pacífico, Sudamérica elapsed time: 0.407553 seconds (0d 0h 0m 0s)

---------------  T H R E A D  ---------------

Current thread (0x0000013b5b4c2680):  JavaThread "Unknown thread" [_thread_in_vm, id=11436, stack(0x0000001c60d00000,0x0000001c60e00000) (1024K)]

Stack: [0x0000001c60d00000,0x0000001c60e00000]
Native frames: (J=compiled Java code, j=interpreted, Vv=VM code, C=native code)
V  [jvm.dll+0x7a6a39]  (no source info available)
V  [jvm.dll+0x7727ed]  (no source info available)
V  [jvm.dll+0x965f33]  (no source info available)
V  [jvm.dll+0x968531]  (no source info available)
V  [jvm.dll+0x968c33]  (no source info available)
V  [jvm.dll+0x2fc756]  (no source info available)
V  [jvm.dll+0x7a2c65]  (no source info available)
V  [jvm.dll+0x796077]  (no source info available)
V  [jvm.dll+0x3f4698]  (no source info available)
V  [jvm.dll+0x3fc5b6]  (no source info available)
V  [jvm.dll+0x3e8c8e]  (no source info available)
V  [jvm.dll+0x3e8f48]  (no source info available)
V  [jvm.dll+0x3c0045]  (no source info available)
V  [jvm.dll+0x3c0cce]  (no source info available)
V  [jvm.dll+0x92c647]  (no source info available)
V  [jvm.dll+0x458b62]  (no source info available)
V  [jvm.dll+0x90fff2]  (no source info available)
V  [jvm.dll+0x4f9001]  (no source info available)
V  [jvm.dll+0x4fa891]  (no source info available)
C  [jli.dll+0x543e]  (no source info available)
C  [ucrtbase.dll+0x21bb2]  (no source info available)
C  [KERNEL32.DLL+0x17374]  (no source info available)
C  [ntdll.dll+0x4cc91]  (no source info available)

Lock stack of current Java thread (top to bottom):


---------------  P R O C E S S  ---------------

Threads class SMR info:
_java_thread_list=0x00007ffe41845308, length=0, elements={
}

Java Threads: ( => current thread )
Total: 0

Other Threads:
  0x0000013b5d837140 WorkerThread "GC Thread#0"                     [id=6616, stack(0x0000001c60e00000,0x0000001c60f00000) (1024K)]
  0x0000013b79858090 ConcurrentGCThread "G1 Main Marker"            [id=13248, stack(0x0000001c60f00000,0x0000001c61000000) (1024K)]
  0x0000013b79858c30 WorkerThread "G1 Conc#0"                       [id=12408, stack(0x0000001c61000000,0x0000001c61100000) (1024K)]

[error occurred during error reporting (printing all threads), id 0xc0000005, EXCEPTION_ACCESS_VIOLATION (0xc0000005) at pc=0x00007ffe40f24c2a]
VM state: not at safepoint (not fully initialized)

VM Mutex/Monitor currently owned by a thread:  ([mutex/lock_event])
[0x00007ffe418c9628] Heap_lock - owner thread: 0x0000013b5b4c2680

Heap address: 0x0000000380000000, size: 18432 MB, Compressed Oops mode: Zero based, Oop shift amount: 3

CDS archive(s) mapped at: [0x0000000000000000-0x0000000000000000-0x0000000000000000), size 0, SharedBaseAddress: 0x0000000800000000, ArchiveRelocationMode: 1.
UseCompressedClassPointers 1, UseCompactObjectHeaders 0
Narrow klass pointer bits 32, Max shift 3
Narrow klass base: 0xffffffffffffffff, Narrow klass shift: -1
Encoding Range: [0xffffffffffffffff - 0x000000007fffffff), (2147483648 bytes)
Klass Range:    [0x0000000000000000 - 0x0000000000000000), (0 bytes)
Klass ID Range:  [4294967295 - 0) (1)
No protection zone.

GC Precious Log:
 CardTable entry size: 512
 Card Set container configuration: InlinePtr #cards 3 size 8 Array Of Cards #cards 128 size 272 Howl #buckets 8 coarsen threshold 29491 Howl Bitmap #cards 4096 size 528 coarsen threshold 3686 Card regions per heap region 1 cards per card region 32768

Heap:
 garbage-first heap   total reserved 18874368K, committed 0K, used 0K [0x0000000380000000, 0x0000000800000000)
  region size 16384K, 0 young (0K), 0 survivors (0K)

Heap Regions: E=young(eden), S=young(survivor), O=old, HS=humongous(starts), HC=humongous(continues), CS=collection set, F=free, TAMS=top-at-mark-start, PB=parsable bottom

Card table byte_map: [0x0000013b77410000,0x0000013b79810000] _byte_map_base: 0x0000013b75810000

Marking Bits: (CMBitMap*) 0x0000013b5d8378d0
 Bits: [0x0000013b00000000, 0x0000013b12000000)

GC Heap Usage History (0 events):
No events

Metaspace Usage History (0 events):
No events

Dll operation events (1 events):
Event: 0.053 Loaded shared library C:\Program Files\Java\jdk-25\bin\java.dll

Deoptimization events (0 events):
No events

Classes loaded (0 events):
No events

Classes unloaded (0 events):
No events

Classes redefined (0 events):
No events

Internal exceptions (0 events):
No events

VM Operations (0 events):
No events

Memory protections (0 events):
No events

Nmethod flushes (0 events):
No events

Events (0 events):
No events


Dynamic libraries:
0x00007ff7b3ff0000 - 0x00007ff7b4000000 	C:\Program Files\Java\jdk-25\bin\java.exe
0x00007ffea7590000 - 0x00007ffea7788000 	C:\WINDOWS\SYSTEM32\ntdll.dll
0x00007ffea5c50000 - 0x00007ffea5d12000 	C:\WINDOWS\System32\KERNEL32.DLL
0x00007ffea5190000 - 0x00007ffea5486000 	C:\WINDOWS\System32\KERNELBASE.dll
0x00007ffea4c30000 - 0x00007ffea4d30000 	C:\WINDOWS\System32\ucrtbase.dll
0x00007ffe80c00000 - 0x00007ffe80c17000 	C:\Program Files\Java\jdk-25\bin\jli.dll
0x00007ffe7ada0000 - 0x00007ffe7adbe000 	C:\Program Files\Java\jdk-25\bin\VCRUNTIME140.dll
0x00007ffea5ab0000 - 0x00007ffea5c4d000 	C:\WINDOWS\System32\USER32.dll
0x00007ffea4dd0000 - 0x00007ffea4df2000 	C:\WINDOWS\System32\win32u.dll
0x00007ffe98c00000 - 0x00007ffe98e9b000 	C:\WINDOWS\WinSxS\amd64_microsoft.windows.common-controls_6595b64144ccf1df_6.0.19041.6280_none_60bc30a171f2f3f3\COMCTL32.dll
0x00007ffea55c0000 - 0x00007ffea55eb000 	C:\WINDOWS\System32\GDI32.dll
0x00007ffea6cd0000 - 0x00007ffea6d6e000 	C:\WINDOWS\System32\msvcrt.dll
0x00007ffea5020000 - 0x00007ffea5139000 	C:\WINDOWS\System32\gdi32full.dll
0x00007ffea4d30000 - 0x00007ffea4dcd000 	C:\WINDOWS\System32\msvcp_win.dll
0x00007ffea74c0000 - 0x00007ffea74ef000 	C:\WINDOWS\System32\IMM32.DLL
0x00007ffe7ad90000 - 0x00007ffe7ad9c000 	C:\Program Files\Java\jdk-25\bin\vcruntime140_1.dll
0x00007ffe61080000 - 0x00007ffe6110d000 	C:\Program Files\Java\jdk-25\bin\msvcp140.dll
0x00007ffe40b50000 - 0x00007ffe419af000 	C:\Program Files\Java\jdk-25\bin\server\jvm.dll
0x00007ffea6c10000 - 0x00007ffea6cc1000 	C:\WINDOWS\System32\ADVAPI32.dll
0x00007ffea6ad0000 - 0x00007ffea6b6f000 	C:\WINDOWS\System32\sechost.dll
0x00007ffea6240000 - 0x00007ffea6360000 	C:\WINDOWS\System32\RPCRT4.dll
0x00007ffea4e90000 - 0x00007ffea4eb7000 	C:\WINDOWS\System32\bcrypt.dll
0x00007ffea60f0000 - 0x00007ffea615b000 	C:\WINDOWS\System32\WS2_32.dll
0x00007ffe9b210000 - 0x00007ffe9b237000 	C:\WINDOWS\SYSTEM32\WINMM.dll
0x00007ffe9a070000 - 0x00007ffe9a07a000 	C:\WINDOWS\SYSTEM32\VERSION.dll
0x00007ffea4a90000 - 0x00007ffea4adb000 	C:\WINDOWS\SYSTEM32\POWRPROF.dll
0x00007ffea4a70000 - 0x00007ffea4a82000 	C:\WINDOWS\SYSTEM32\UMPDC.dll
0x00007ffea2ad0000 - 0x00007ffea2ae2000 	C:\WINDOWS\SYSTEM32\kernel.appcore.dll
0x00007ffe6a7b0000 - 0x00007ffe6a7ba000 	C:\Program Files\Java\jdk-25\bin\jimage.dll
0x00007ffe989f0000 - 0x00007ffe98bf1000 	C:\WINDOWS\SYSTEM32\DBGHELP.DLL
0x00007ffe97fc0000 - 0x00007ffe97ff4000 	C:\WINDOWS\SYSTEM32\dbgcore.DLL
0x00007ffea4e00000 - 0x00007ffea4e82000 	C:\WINDOWS\System32\bcryptPrimitives.dll
0x00007ffe6a790000 - 0x00007ffe6a7af000 	C:\Program Files\Java\jdk-25\bin\java.dll
0x00007ffea6d70000 - 0x00007ffea6e9b000 	C:\WINDOWS\System32\ole32.dll
0x00007ffea5d30000 - 0x00007ffea6083000 	C:\WINDOWS\System32\combase.dll
0x00007ffea6360000 - 0x00007ffea6ad0000 	C:\WINDOWS\System32\SHELL32.dll

JVMTI agents: none

dbghelp: loaded successfully - version: 4.0.5 - missing functions: none
symbol engine: initialized successfully - sym options: 0x614 - pdb path: .;C:\Program Files\Java\jdk-25\bin;C:\WINDOWS\SYSTEM32;C:\WINDOWS\WinSxS\amd64_microsoft.windows.common-controls_6595b64144ccf1df_6.0.19041.6280_none_60bc30a171f2f3f3;C:\Program Files\Java\jdk-25\bin\server

VM Arguments:
jvm_args: -Xms18G -Xmx18G --add-opens=java.base/java.lang=ALL-UNNAMED --add-opens=java.base/java.util=ALL-UNNAMED 
java_command: supergo2-server.jar
java_class_path (initial): supergo2-server.jar
Launcher Type: SUN_STANDARD

[Global flags]
     intx CICompilerCount                          = 3                                         {product} {ergonomic}
     uint ConcGCThreads                            = 1                                         {product} {ergonomic}
     uint G1ConcRefinementThreads                  = 4                                         {product} {ergonomic}
   size_t G1HeapRegionSize                         = 16777216                                  {product} {ergonomic}
   size_t InitialHeapSize                          = 19327352832                               {product} {command line}
   size_t MarkStackSize                            = 4194304                                   {product} {ergonomic}
   size_t MarkStackSizeMax                         = 536870912                                 {product} {ergonomic}
   size_t MaxHeapSize                              = 19327352832                               {product} {command line}
   size_t MinHeapDeltaBytes                        = 16777216                                  {product} {ergonomic}
   size_t MinHeapSize                              = 19327352832                               {product} {command line}
    uintx NonNMethodCodeHeapSize                   = 5832704                                {pd product} {ergonomic}
    uintx NonProfiledCodeHeapSize                  = 122945536                              {pd product} {ergonomic}
    uintx ProfiledCodeHeapSize                     = 122880000                              {pd product} {ergonomic}
    uintx ReservedCodeCacheSize                    = 251658240                              {pd product} {ergonomic}
     bool SegmentedCodeCache                       = true                                      {product} {ergonomic}
   size_t SoftMaxHeapSize                          = 19327352832                            {manageable} {ergonomic}
     bool UseCompressedOops                        = true                           {product lp64_product} {ergonomic}
     bool UseG1GC                                  = true                                      {product} {ergonomic}
     bool UseLargePagesIndividualAllocation        = false                                  {pd product} {ergonomic}

Logging:
Log output configuration:
 #0: stdout all=warning uptime,level,tags foldmultilines=false
 #1: stderr all=off uptime,level,tags foldmultilines=false

Release file:
<release file has not been read>
Environment Variables:
PATH=C:\Program Files\Common Files\Oracle\Java\javapath;C:\WINDOWS\system32;C:\WINDOWS;C:\WINDOWS\System32\Wbem;C:\WINDOWS\System32\WindowsPowerShell\v1.0\;C:\WINDOWS\System32\OpenSSH\;C:\Program Files (x86)\ATI Technologies\ATI.ACE\Core-Static;C:\Program Files\Void\bin;C:\Program Files\Git\cmd;C:\Users\Andrés\AppData\Local\Programs\Python\Python313\Scripts\;C:\Users\Andrés\AppData\Local\Programs\Python\Python313\;C:\Users\Andrés\AppData\Local\Microsoft\WindowsApps;C:\Users\Andrés\AppData\Local\Programs\cursor\resources\app\bin;C:\Users\Andrés\AppData\Local\Programs\Microsoft VS Code\bin;C:\Users\Andrés\AppData\Local\Programs\Qoder\bin
USERNAME=Andrés
OS=Windows_NT
PROCESSOR_IDENTIFIER=Intel64 Family 6 Model 58 Stepping 9, GenuineIntel
TMP=C:\Users\ANDRS~1\AppData\Local\Temp
TEMP=C:\Users\ANDRS~1\AppData\Local\Temp




Compilation memory statistics disabled.

Periodic native trim disabled

---------------  S Y S T E M  ---------------

OS:
 Windows 10 , 64 bit Build 19041 (10.0.19041.5915)
OS uptime: 4 days 10:49 hours

CPU: total 4 (initial active 4) (4 cores per cpu, 1 threads per core) family 6 model 58 stepping 9 microcode 0x21, cx8, cmov, fxsr, mmx, sse, sse2, sse3, ssse3, sse4.1, sse4.2, popcnt, tsc, tscinvbit, avx, aes, erms, clmul, vzeroupper, clflush, rdtscp, f16c
Processor Information for the first 4 processors :
  Max Mhz: 3401, Current Mhz: 3401, Mhz Limit: 3401

Memory: 4k page, system-wide physical 8146M (1489M free)
TotalPageFile size 13989M (AvailPageFile size 4774M)
current process WorkingSet (physical memory assigned to process): 12M, peak: 12M
current process commit charge ("private bytes"): 52M, peak: 18484M

vm_info: Java HotSpot(TM) 64-Bit Server VM (25+37-LTS-3491) for windows-amd64 JRE (25+37-LTS-3491), built on 2025-08-14T21:13:00Z with unknown MS VC++:1943

END.
