2025-12-07 00:11:36.487  INFO 15240 --- [main] com.go2super.Go2SuperApplication         : Starting Go2SuperApplication using Java 17.0.12 on PC-HRZ with PID 15240 (C:\Users\hrzan\Music\SPII-main\SPII-main\supergo2-server-closed-alpha\target\classes started by hrzan in C:\Users\hrzan\Music\SPII-main\SPII-main)
2025-12-07 00:11:36.531  INFO 15240 --- [main] com.go2super.Go2SuperApplication         : The following profiles are active: dev
2025-12-07 00:11:40.336  INFO 15240 --- [main] .s.d.r.c.RepositoryConfigurationDelegate : Bootstrapping Spring Data MongoDB repositories in DEFAULT mode.
2025-12-07 00:11:41.847  INFO 15240 --- [main] .s.d.r.c.RepositoryConfigurationDelegate : Finished Spring Data repository scanning in 1466 ms. Found 18 MongoDB repository interfaces.
2025-12-07 00:11:44.590  INFO 15240 --- [main] o.s.b.w.embedded.tomcat.TomcatWebServer  : Tomcat initialized with port(s): 9090 (http)
2025-12-07 00:11:44.619  INFO 15240 --- [main] o.apache.catalina.core.StandardService   : Starting service [Tomcat]
2025-12-07 00:11:44.620  INFO 15240 --- [main] org.apache.catalina.core.StandardEngine  : Starting Servlet engine: [Apache Tomcat/9.0.56]
2025-12-07 00:11:44.915  INFO 15240 --- [main] o.a.c.c.C.[Tomcat].[localhost].[/]       : Initializing Spring embedded WebApplicationContext
2025-12-07 00:11:44.916  INFO 15240 --- [main] w.s.c.ServletWebServerApplicationContext : Root WebApplicationContext: initialization completed in 8246 ms
2025-12-07 00:11:45.579  INFO 15240 --- [main] org.mongodb.driver.cluster               : Cluster created with settings {hosts=[127.0.0.1:27017], mode=SINGLE, requiredClusterType=UNKNOWN, serverSelectionTimeout='30000 ms'}
2025-12-07 00:11:45.955  INFO 15240 --- [cluster-ClusterId{value='69350c9103d9b54604f23bcb', description='null'}-127.0.0.1:27017] org.mongodb.driver.connection            : Opened connection [connectionId{localValue:1, serverValue:8}] to 127.0.0.1:27017
2025-12-07 00:11:45.955  INFO 15240 --- [cluster-rtt-ClusterId{value='69350c9103d9b54604f23bcb', description='null'}-127.0.0.1:27017] org.mongodb.driver.connection            : Opened connection [connectionId{localValue:2, serverValue:7}] to 127.0.0.1:27017
2025-12-07 00:11:45.956  INFO 15240 --- [cluster-ClusterId{value='69350c9103d9b54604f23bcb', description='null'}-127.0.0.1:27017] org.mongodb.driver.cluster               : Monitor thread successfully connected to server with description ServerDescription{address=127.0.0.1:27017, type=STANDALONE, state=CONNECTED, ok=true, minWireVersion=0, maxWireVersion=27, maxDocumentSize=16777216, logicalSessionTimeoutMinutes=30, roundTripTimeNanos=82989800}
2025-12-07 00:11:48.145  INFO 15240 --- [main] org.mongodb.driver.connection            : Opened connection [connectionId{localValue:3, serverValue:9}] to 127.0.0.1:27017
2025-12-07 00:11:53.398  INFO 15240 --- [main] o.s.b.w.embedded.tomcat.TomcatWebServer  : Tomcat started on port(s): 9090 (http) with context path ''
2025-12-07 00:11:53.936  INFO 15240 --- [main] org.reflections.Reflections              : Reflections took 413 ms to scan 1 urls, producing 6 keys and 393 values 
2025-12-07 00:11:54.534  INFO 15240 --- [main] org.reflections.Reflections              : Reflections took 189 ms to scan 1 urls, producing 1 keys and 36 values 
2025-12-07 00:11:54.674  INFO 15240 --- [main] com.go2super.Go2SuperApplication         : SuperGO2 server has been initialized!
2025-12-07 00:11:54.680  INFO 15240 --- [main] com.go2super.Go2SuperApplication         : Started Go2SuperApplication in 19.617 seconds (JVM running for 20.755)
2025-12-07 00:12:22.502  INFO 15240 --- [http-nio-9090-exec-2] o.a.c.c.C.[Tomcat].[localhost].[/]       : Initializing Spring DispatcherServlet 'dispatcherServlet'
2025-12-07 00:12:22.505  INFO 15240 --- [http-nio-9090-exec-2] o.s.web.servlet.DispatcherServlet        : Initializing Servlet 'dispatcherServlet'
2025-12-07 00:12:22.509  INFO 15240 --- [http-nio-9090-exec-2] o.s.web.servlet.DispatcherServlet        : Completed initialization in 3 ms
2025-12-07 00:12:34.232  INFO 15240 --- [game-receiver-guid-13] com.go2super.logger.BotLogger            : [0;34mPKT :: [m? SEND 5002 CustomConfigurationPacket [T:26ms, P:0]
2025-12-07 00:12:34.238  INFO 15240 --- [game-receiver-guid-13] com.go2super.logger.BotLogger            : [0;34mPKT :: [m? SEND 5001 CustomMoreInfoPacket [T:49ms, P:0]
2025-12-07 00:12:34.242  INFO 15240 --- [game-receiver-guid-13] com.go2super.logger.BotLogger            : [0;34mPKT :: [m? SEND 1061 ResponseMapBlockPacket [T:52ms, P:0]
2025-12-07 00:12:34.266  INFO 15240 --- [game-receiver-guid-13] com.go2super.logger.BotLogger            : [0;34mPKT :: [m? SEND 1303 ResponseShipModelInfoPacket [T:67ms, P:0]
2025-12-07 00:12:34.272  INFO 15240 --- [game-receiver-guid-13] com.go2super.logger.BotLogger            : [0;34mPKT :: [m? SEND 1212 ResponseTechInfoPacket [T:83ms, P:0]
2025-12-07 00:12:34.300  INFO 15240 --- [game-receiver-guid-13] com.go2super.logger.BotLogger            : [0;34mPKT :: [m? SEND 1216 ResponseTechUpgradeInfoPacket [T:110ms, P:0]
2025-12-07 00:12:34.309  INFO 15240 --- [game-receiver-guid-13] com.go2super.logger.BotLogger            : [0;34mPKT :: [m? SEND 1054 ResponsePropsInfoPacket [T:120ms, P:0]
2025-12-07 00:12:34.333  INFO 15240 --- [game-receiver-guid-13] com.go2super.logger.BotLogger            : [0;34mPKT :: [m? SEND 1054 ResponsePropsInfoPacket [T:143ms, P:0]
2025-12-07 00:12:34.348  INFO 15240 --- [game-receiver-guid-13] com.go2super.logger.BotLogger            : [0;34mPKT :: [m? SEND 1308 ResponseShipBodyInfoPacket [T:155ms, P:0]
2025-12-07 00:12:34.356  INFO 15240 --- [game-receiver-guid-13] com.go2super.logger.BotLogger            : [0;34mPKT :: [m? SEND 1369 ResponseShipBodyUpgradeInfoPacket [T:167ms, P:0]
2025-12-07 00:12:34.366  INFO 15240 --- [game-receiver-guid-13] com.go2super.logger.BotLogger            : [0;34mPKT :: [m? SEND 1065 ResponseTaskInfoPacket [T:177ms, P:0]
2025-12-07 00:12:34.379  INFO 15240 --- [game-receiver-guid-13] com.go2super.logger.BotLogger            : [0;34mPKT :: [m? SEND 1007 ResponseRoleInfoPacket [T:189ms, P:0]
2025-12-07 00:12:34.387  INFO 15240 --- [game-receiver-guid-13] com.go2super.logger.BotLogger            : [0;34mPKT :: [m? SEND 1214 ResponsePlayerResourcePacket [T:198ms, P:0]
2025-12-07 00:12:34.389  INFO 15240 --- [game-receiver-guid-13] com.go2super.logger.BotLogger            : [0;34mPKT :: [m? SEND 1314 ResponseCreateShipInfoPacket [T:199ms, P:0]
2025-12-07 00:12:34.391  INFO 15240 --- [game-receiver-guid-13] com.go2super.logger.BotLogger            : [0;34mPKT :: [m? SEND 1436 ResponseEctypePassPacket [T:202ms, P:0]
2025-12-07 00:12:34.399  INFO 15240 --- [game-receiver-guid-13] com.go2super.logger.BotLogger            : [0;34mPKT :: [m? SEND 1092 ResponseOnlineAwardPacket [T:209ms, P:0]
2025-12-07 00:12:34.402  INFO 15240 --- [game-receiver-guid-13] com.go2super.logger.BotLogger            : [0;34mPKT :: [m? SEND 1622 ResponseNewEmailNoticePacket [T:213ms, P:0]
2025-12-07 00:12:34.475  INFO 15240 --- [game-receiver-guid-13] com.go2super.logger.BotLogger            : [0;34mPKT :: [m? FOUND 1215 (ID = 0) RequestTechUpgradeInfoPacket [P:0]
2025-12-07 00:12:34.478  INFO 15240 --- [game-receiver-guid-13] com.go2super.logger.BotLogger            : [0;34mPKT :: [m? INVOKE com.go2super.listener.ScienceListener#onTechUpgradeInfo
2025-12-07 00:12:34.766  INFO 15240 --- [game-receiver-guid-13] com.go2super.logger.BotLogger            : [0;34mPKT :: [m? FOUND 1064 (ID = 0) RequestTaskInfoPacket [P:0]
2025-12-07 00:12:34.768  INFO 15240 --- [game-receiver-guid-13] com.go2super.logger.BotLogger            : [0;34mPKT :: [m? INVOKE com.go2super.listener.TaskListener#onTaskInfo
2025-12-07 00:12:34.769  INFO 15240 --- [game-receiver-guid-13] com.go2super.logger.BotLogger            : [0;34mPKT :: [m? SEND 1065 ResponseTaskInfoPacket [T:3ms, P:0]
2025-12-07 00:12:34.771  INFO 15240 --- [game-receiver-guid-13] com.go2super.logger.BotLogger            : [0;34mPKT :: [m? FOUND 1064 (ID = 0) RequestTaskInfoPacket [P:0]
2025-12-07 00:12:34.771  INFO 15240 --- [game-receiver-guid-13] com.go2super.logger.BotLogger            : [0;34mPKT :: [m? INVOKE com.go2super.listener.TaskListener#onTaskInfo
2025-12-07 00:12:34.773  INFO 15240 --- [game-receiver-guid-13] com.go2super.logger.BotLogger            : [0;34mPKT :: [m? SEND 1065 ResponseTaskInfoPacket [T:1ms, P:0]
2025-12-07 00:12:34.773  INFO 15240 --- [game-receiver-guid-13] com.go2super.logger.BotLogger            : [0;34mPKT :: [m? FOUND 1100 (ID = 0) RequestGalaxyPacket [P:0]
2025-12-07 00:12:34.773  INFO 15240 --- [game-receiver-guid-13] com.go2super.logger.BotLogger            : [0;34mPKT :: [m? INVOKE com.go2super.listener.GalaxyListener#onGalaxy
2025-12-07 00:12:34.779  INFO 15240 --- [game-receiver-guid-13] com.go2super.logger.BotLogger            : [0;34mPKT :: [m? SEND 1203 ResponseBuildInfoPacket [T:5ms, P:0]
2025-12-07 00:12:34.781  INFO 15240 --- [game-receiver-guid-13] com.go2super.logger.BotLogger            : [0;34mPKT :: [m? FOUND 1250 (ID = 0) RequestMapAreaPacket [P:0]
2025-12-07 00:12:34.782  INFO 15240 --- [game-receiver-guid-13] com.go2super.logger.BotLogger            : [0;34mPKT :: [m? INVOKE com.go2super.listener.MapListener#onMapArea
2025-12-07 00:12:34.793  INFO 15240 --- [game-receiver-guid-13] com.go2super.logger.BotLogger            : [0;34mPKT :: [m? SEND 1251 ResponseMapAreaPacket [T:11ms, P:0]
2025-12-07 00:12:34.802  INFO 15240 --- [game-receiver-guid-13] com.go2super.logger.BotLogger            : [0;34mPKT :: [m? SEND 1251 ResponseMapAreaPacket [T:18ms, P:0]
2025-12-07 00:12:34.805  INFO 15240 --- [game-receiver-guid-13] com.go2super.logger.BotLogger            : [0;34mPKT :: [m? SEND 1251 ResponseMapAreaPacket [T:23ms, P:0]
2025-12-07 00:12:34.834  INFO 15240 --- [game-receiver-guid-13] com.go2super.logger.BotLogger            : [0;34mPKT :: [m? SEND 1251 ResponseMapAreaPacket [T:27ms, P:0]
2025-12-07 00:12:34.837  INFO 15240 --- [game-receiver-guid-13] com.go2super.logger.BotLogger            : [0;34mPKT :: [m? SEND 1251 ResponseMapAreaPacket [T:56ms, P:0]
2025-12-07 00:12:34.843  INFO 15240 --- [game-receiver-guid-13] com.go2super.logger.BotLogger            : [0;34mPKT :: [m? SEND 1251 ResponseMapAreaPacket [T:61ms, P:0]
2025-12-07 00:12:34.847  INFO 15240 --- [game-receiver-guid-13] com.go2super.logger.BotLogger            : [0;34mPKT :: [m? SEND 1251 ResponseMapAreaPacket [T:65ms, P:0]
2025-12-07 00:12:34.851  INFO 15240 --- [game-receiver-guid-13] com.go2super.logger.BotLogger            : [0;34mPKT :: [m? SEND 1251 ResponseMapAreaPacket [T:69ms, P:0]
2025-12-07 00:12:34.863  INFO 15240 --- [game-receiver-guid-13] com.go2super.logger.BotLogger            : [0;34mPKT :: [m? SEND 1251 ResponseMapAreaPacket [T:81ms, P:0]
2025-12-07 00:12:34.880  INFO 15240 --- [game-receiver-guid-13] com.go2super.logger.BotLogger            : [0;34mPKT :: [m? SEND 1251 ResponseMapAreaPacket [T:97ms, P:0]
2025-12-07 00:12:34.890  INFO 15240 --- [game-receiver-guid-13] com.go2super.logger.BotLogger            : [0;34mPKT :: [m? SEND 1251 ResponseMapAreaPacket [T:108ms, P:0]
2025-12-07 00:12:34.898  INFO 15240 --- [game-receiver-guid-13] com.go2super.logger.BotLogger            : [0;34mPKT :: [m? SEND 1251 ResponseMapAreaPacket [T:116ms, P:0]
2025-12-07 00:12:34.902  INFO 15240 --- [game-receiver-guid-13] com.go2super.logger.BotLogger            : [0;34mPKT :: [m? SEND 1251 ResponseMapAreaPacket [T:121ms, P:0]
2025-12-07 00:12:34.907  INFO 15240 --- [game-receiver-guid-13] com.go2super.logger.BotLogger            : [0;34mPKT :: [m? SEND 1251 ResponseMapAreaPacket [T:126ms, P:0]
2025-12-07 00:12:34.911  INFO 15240 --- [game-receiver-guid-13] com.go2super.logger.BotLogger            : [0;34mPKT :: [m? SEND 1251 ResponseMapAreaPacket [T:129ms, P:0]
2025-12-07 00:12:34.940  INFO 15240 --- [game-receiver-guid-13] com.go2super.logger.BotLogger            : [0;34mPKT :: [m? SEND 1251 ResponseMapAreaPacket [T:158ms, P:0]
2025-12-07 00:12:34.946  INFO 15240 --- [game-receiver-guid-13] com.go2super.logger.BotLogger            : [0;34mPKT :: [m? FOUND 1213 (ID = 0) RequestPlayerResourcePacket [P:0]
2025-12-07 00:12:34.953  INFO 15240 --- [game-receiver-guid-13] com.go2super.logger.BotLogger            : [0;34mPKT :: [m? INVOKE com.go2super.listener.ResourceListener#onPlayerResource
2025-12-07 00:12:34.973  INFO 15240 --- [game-receiver-guid-13] com.go2super.logger.BotLogger            : [0;34mPKT :: [m? SEND 1214 ResponsePlayerResourcePacket [T:26ms, P:0]
2025-12-07 00:12:34.974  INFO 15240 --- [game-receiver-guid-13] com.go2super.logger.BotLogger            : [0;34mPKT :: [m? FOUND 1236 (ID = 0) RequestStorageResourcePacket [P:0]
2025-12-07 00:12:34.975  INFO 15240 --- [game-receiver-guid-13] com.go2super.logger.BotLogger            : [0;34mPKT :: [m? INVOKE com.go2super.listener.PlayerListener#onStorageResource
2025-12-07 00:12:34.979  INFO 15240 --- [game-receiver-guid-13] com.go2super.logger.BotLogger            : [0;34mPKT :: [m? SEND 1237 ResponseStorageResourcePacket [T:4ms, P:0]
2025-12-07 00:13:33.586  INFO 15240 --- [game-receiver-guid-13] com.go2super.logger.BotLogger            : [0;34mPKT :: [m? FOUND 1020 (ID = 0) PacketHeartbeat [P:0]
2025-12-07 00:14:33.612  INFO 15240 --- [game-receiver-guid-13] com.go2super.logger.BotLogger            : [0;34mPKT :: [m? FOUND 1020 (ID = 0) PacketHeartbeat [P:0]
2025-12-07 00:15:36.424  INFO 15240 --- [game-receiver-guid-13] com.go2super.logger.BotLogger            : [0;34mPKT :: [m? FOUND 1020 (ID = 0) PacketHeartbeat [P:0]
